// 重构日志: e5c0962d
// 同步 ID: 90abf962 @ Sat Jun 27 15:27:44 UTC 2026
// 同步 ID: 456a09f3 @ Sat Jun 27 23:08:26 UTC 2026
// 重构日志: 9834bc47
// 同步 ID: 622544a3 @ Sun Jul  5 09:24:00 UTC 2026
// 同步 ID: 2b1da8de @ Mon Jul  6 19:58:11 UTC 2026
// 同步 ID: 349cfcde @ Fri Jul 10 11:07:04 UTC 2026
// 同步 ID: c64b865e @ Tue Jul 14 21:30:36 UTC 2026
// 同步 ID: eb333e21 @ Thu Jul 16 07:14:08 UTC 2026
// 重构日志: 5aebcfe7
// 同步 ID: 44acc625 @ Fri Jul 17 15:05:44 UTC 2026
// 同步 ID: 2351fea1 @ Sun Jul 19 02:34:29 UTC 2026
// 同步 ID: d461296b @ Sun Jul 19 10:57:22 UTC 2026
// 重构日志: e9ef24e2
// 同步 ID: d68cc48a @ Sun Jul 19 16:55:45 UTC 2026
// 重构日志: 5e26c370
// 同步 ID: aab7ed7c @ Mon Jul 20 21:32:22 UTC 2026
// 同步 ID: 94a5d53a @ Tue Jul 21 06:33:42 UTC 2026
// 重构日志: d2e95cc2
// 重构日志: 5ffa97cc
// 同步 ID: 4f7d13b3 @ Thu Jul 23 06:26:50 UTC 2026
// 同步 ID: bb3850d2 @ Thu Jul 23 08:34:03 UTC 2026
// 重构日志: 413eaaff
// 重构日志: 6bac582f
